<?xml version="1.0" encoding="UTF-8"?>
<!-- Generated by org.testng.reporters.JUnitReportReporter -->
<testsuite hostname="aditikhulbe" failures="0" tests="1" name="Tests.LoginTest" time="8.706" errors="0" timestamp="25 Aug 2021 11:23:18 GMT" skipped="0">
  <testcase classname="Tests.LoginTest" name="loginTest" time="8.706"/>
</testsuite> <!-- Tests.LoginTest -->
