<?xml version="1.0" encoding="UTF-8"?>
<!-- Generated by org.testng.reporters.JUnitReportReporter -->
<testsuite hostname="aditikhulbe" failures="0" tests="1" name="Tests.OrderTest" time="19.332" errors="0" timestamp="16 Aug 2021 12:11:52 GMT" skipped="0">
  <testcase classname="Tests.OrderTest" name="Order" time="19.332"/>
</testsuite> <!-- Tests.OrderTest -->
